<?xml version="1.0" encoding="UTF-8"?>
<testsuite xmlns:xsi="http://www.w3.org/2001/XMLSchema-instance" xsi:noNamespaceSchemaLocation="https://maven.apache.org/surefire/maven-surefire-plugin/xsd/surefire-test-report-3.0.xsd" version="3.0" name="math.ArithmeticOperationsTest" time="0.005" tests="6" errors="0" skipped="0" failures="0">
  <properties>
[...]
</properties>
  <testcase name="testDivideNormalCase" classname="math.ArithmeticOperationsTest" time="0.001">
    <system-out><![CDATA[Setting up ArithmeticOperationsTest
Tearing down ArithmeticOperationsTest
]]></system-out>
  </testcase>
  <testcase name="testMultiplyNegativeNumbers" classname="math.ArithmeticOperationsTest" time="0.001">
    <system-out><![CDATA[Setting up ArithmeticOperationsTest
Tearing down ArithmeticOperationsTest
]]></system-out>
  </testcase>
  <testcase name="testDivideByZero" classname="math.ArithmeticOperationsTest" time="0.0">
    <system-out><![CDATA[Setting up ArithmeticOperationsTest
Tearing down ArithmeticOperationsTest
]]></system-out>
  </testcase>
  <testcase name="testMultiplyOverflow" classname="math.ArithmeticOperationsTest" time="0.0">
    <system-out><![CDATA[Setting up ArithmeticOperationsTest
Tearing down ArithmeticOperationsTest
]]></system-out>
  </testcase>
  <testcase name="testMultiplyNormalCase" classname="math.ArithmeticOperationsTest" time="0.001">
    <system-out><![CDATA[Setting up ArithmeticOperationsTest
Tearing down ArithmeticOperationsTest
]]></system-out>
  </testcase>
  <testcase name="testMultiplyWithZero" classname="math.ArithmeticOperationsTest" time="0.001">
    <system-out><![CDATA[Setting up ArithmeticOperationsTest
Tearing down ArithmeticOperationsTest
]]></system-out>
  </testcase>
</testsuite>